0 info it worked if it ends with ok
1 verbose cli [ '/home/user/Programs/node-v0.10.15-linux-x64/bin/node',
1 verbose cli   '/home/user/Programs/node-v0.10.15-linux-x64/bin/npm',
1 verbose cli   'install',
1 verbose cli   'express' ]
2 info using npm@1.3.5
3 info using node@v0.10.15
4 verbose cache add [ 'express', null ]
5 verbose cache add name=undefined spec="express" args=["express",null]
6 verbose parsed url { protocol: null,
6 verbose parsed url   slashes: null,
6 verbose parsed url   auth: null,
6 verbose parsed url   host: null,
6 verbose parsed url   port: null,
6 verbose parsed url   hostname: null,
6 verbose parsed url   hash: null,
6 verbose parsed url   search: null,
6 verbose parsed url   query: null,
6 verbose parsed url   pathname: 'express',
6 verbose parsed url   path: 'express',
6 verbose parsed url   href: 'express' }
7 silly lockFile f3c62de4-express express
8 verbose lock express /home/user/.npm/f3c62de4-express.lock
9 verbose tar pack [ '/home/user/tmp/npm-41261-0739tTAe/1376245491991-0.8428503191098571/tmp.tgz',
9 verbose tar pack   'express' ]
10 verbose tarball /home/user/tmp/npm-41261-0739tTAe/1376245491991-0.8428503191098571/tmp.tgz
11 verbose folder express
12 info prepublish express@3.2.2
13 verbose unsafe-perm in lifecycle true
14 silly lockFile f322eec5-tar-express tar://express
15 verbose lock tar://express /home/user/.npm/f322eec5-tar-express.lock
16 silly lockFile 4ecd2cfc-91991-0-8428503191098571-tmp-tgz tar:///home/user/tmp/npm-41261-0739tTAe/1376245491991-0.8428503191098571/tmp.tgz
17 verbose lock tar:///home/user/tmp/npm-41261-0739tTAe/1376245491991-0.8428503191098571/tmp.tgz /home/user/.npm/4ecd2cfc-91991-0-8428503191098571-tmp-tgz.lock
18 silly lockFile f322eec5-tar-express tar://express
19 silly lockFile f322eec5-tar-express tar://express
20 silly lockFile 4ecd2cfc-91991-0-8428503191098571-tmp-tgz tar:///home/user/tmp/npm-41261-0739tTAe/1376245491991-0.8428503191098571/tmp.tgz
21 silly lockFile 4ecd2cfc-91991-0-8428503191098571-tmp-tgz tar:///home/user/tmp/npm-41261-0739tTAe/1376245491991-0.8428503191098571/tmp.tgz
22 verbose tar unpack /home/user/tmp/npm-41261-0739tTAe/1376245491991-0.8428503191098571/tmp.tgz
23 silly lockFile bab638f4-91991-0-8428503191098571-package tar:///home/user/tmp/npm-41261-0739tTAe/1376245491991-0.8428503191098571/package
24 verbose lock tar:///home/user/tmp/npm-41261-0739tTAe/1376245491991-0.8428503191098571/package /home/user/.npm/bab638f4-91991-0-8428503191098571-package.lock
25 silly lockFile 4ecd2cfc-91991-0-8428503191098571-tmp-tgz tar:///home/user/tmp/npm-41261-0739tTAe/1376245491991-0.8428503191098571/tmp.tgz
26 verbose lock tar:///home/user/tmp/npm-41261-0739tTAe/1376245491991-0.8428503191098571/tmp.tgz /home/user/.npm/4ecd2cfc-91991-0-8428503191098571-tmp-tgz.lock
27 silly gunzTarPerm modes [ '755', '644' ]
28 silly gunzTarPerm extractEntry package.json
29 silly gunzTarPerm modified mode [ 'package.json', 511, 493 ]
30 silly gunzTarPerm extractEntry .npmignore
31 silly gunzTarPerm modified mode [ '.npmignore', 511, 493 ]
32 silly gunzTarPerm extractEntry LICENSE
33 silly gunzTarPerm modified mode [ 'LICENSE', 511, 493 ]
34 silly gunzTarPerm extractEntry index.js
35 silly gunzTarPerm modified mode [ 'index.js', 511, 493 ]
36 silly gunzTarPerm extractEntry History.md
37 silly gunzTarPerm modified mode [ 'History.md', 511, 493 ]
38 silly gunzTarPerm extractEntry Makefile
39 silly gunzTarPerm modified mode [ 'Makefile', 511, 493 ]
40 silly gunzTarPerm extractEntry Readme.md
41 silly gunzTarPerm modified mode [ 'Readme.md', 511, 493 ]
42 silly gunzTarPerm extractEntry .travis.yml
43 silly gunzTarPerm modified mode [ '.travis.yml', 511, 493 ]
44 silly gunzTarPerm extractEntry desktop.ini
45 silly gunzTarPerm modified mode [ 'desktop.ini', 511, 493 ]
46 silly gunzTarPerm extractEntry lib/application.js
47 silly gunzTarPerm modified mode [ 'lib/application.js', 511, 493 ]
48 silly gunzTarPerm extractEntry lib/express.js
49 silly gunzTarPerm modified mode [ 'lib/express.js', 511, 493 ]
50 silly gunzTarPerm extractEntry lib/middleware.js
51 silly gunzTarPerm modified mode [ 'lib/middleware.js', 511, 493 ]
52 silly gunzTarPerm extractEntry lib/request.js
53 silly gunzTarPerm modified mode [ 'lib/request.js', 511, 493 ]
54 silly gunzTarPerm extractEntry lib/response.js
55 silly gunzTarPerm modified mode [ 'lib/response.js', 511, 493 ]
56 silly gunzTarPerm extractEntry lib/utils.js
57 silly gunzTarPerm modified mode [ 'lib/utils.js', 511, 493 ]
58 silly gunzTarPerm extractEntry lib/view.js
59 silly gunzTarPerm modified mode [ 'lib/view.js', 511, 493 ]
60 silly gunzTarPerm extractEntry lib/desktop.ini
61 silly gunzTarPerm modified mode [ 'lib/desktop.ini', 511, 493 ]
62 silly gunzTarPerm extractEntry lib/router/index.js
63 silly gunzTarPerm modified mode [ 'lib/router/index.js', 511, 493 ]
64 silly gunzTarPerm extractEntry lib/router/route.js
65 silly gunzTarPerm modified mode [ 'lib/router/route.js', 511, 493 ]
66 silly gunzTarPerm extractEntry lib/router/desktop.ini
67 silly gunzTarPerm modified mode [ 'lib/router/desktop.ini', 511, 493 ]
68 silly gunzTarPerm extractEntry bin/desktop.ini
69 silly gunzTarPerm modified mode [ 'bin/desktop.ini', 511, 493 ]
70 silly gunzTarPerm extractEntry bin/express
71 silly gunzTarPerm modified mode [ 'bin/express', 511, 493 ]
72 silly lockFile bab638f4-91991-0-8428503191098571-package tar:///home/user/tmp/npm-41261-0739tTAe/1376245491991-0.8428503191098571/package
73 silly lockFile bab638f4-91991-0-8428503191098571-package tar:///home/user/tmp/npm-41261-0739tTAe/1376245491991-0.8428503191098571/package
74 silly lockFile 4ecd2cfc-91991-0-8428503191098571-tmp-tgz tar:///home/user/tmp/npm-41261-0739tTAe/1376245491991-0.8428503191098571/tmp.tgz
75 silly lockFile 4ecd2cfc-91991-0-8428503191098571-tmp-tgz tar:///home/user/tmp/npm-41261-0739tTAe/1376245491991-0.8428503191098571/tmp.tgz
76 verbose tar pack [ '/home/user/.npm/express/3.2.2/package.tgz',
76 verbose tar pack   '/home/user/tmp/npm-41261-0739tTAe/1376245491991-0.8428503191098571/package' ]
77 verbose tarball /home/user/.npm/express/3.2.2/package.tgz
78 verbose folder /home/user/tmp/npm-41261-0739tTAe/1376245491991-0.8428503191098571/package
79 silly lockFile bab638f4-91991-0-8428503191098571-package tar:///home/user/tmp/npm-41261-0739tTAe/1376245491991-0.8428503191098571/package
80 verbose lock tar:///home/user/tmp/npm-41261-0739tTAe/1376245491991-0.8428503191098571/package /home/user/.npm/bab638f4-91991-0-8428503191098571-package.lock
81 silly lockFile b64a459b-er-npm-express-3-2-2-package-tgz tar:///home/user/.npm/express/3.2.2/package.tgz
82 verbose lock tar:///home/user/.npm/express/3.2.2/package.tgz /home/user/.npm/b64a459b-er-npm-express-3-2-2-package-tgz.lock
83 silly lockFile bab638f4-91991-0-8428503191098571-package tar:///home/user/tmp/npm-41261-0739tTAe/1376245491991-0.8428503191098571/package
84 silly lockFile bab638f4-91991-0-8428503191098571-package tar:///home/user/tmp/npm-41261-0739tTAe/1376245491991-0.8428503191098571/package
85 silly lockFile b64a459b-er-npm-express-3-2-2-package-tgz tar:///home/user/.npm/express/3.2.2/package.tgz
86 silly lockFile b64a459b-er-npm-express-3-2-2-package-tgz tar:///home/user/.npm/express/3.2.2/package.tgz
87 silly lockFile 27e0dd8b-e-user-npm-express-3-2-2-package /home/user/.npm/express/3.2.2/package
88 verbose lock /home/user/.npm/express/3.2.2/package /home/user/.npm/27e0dd8b-e-user-npm-express-3-2-2-package.lock
89 silly lockFile 27e0dd8b-e-user-npm-express-3-2-2-package /home/user/.npm/express/3.2.2/package
90 silly lockFile 27e0dd8b-e-user-npm-express-3-2-2-package /home/user/.npm/express/3.2.2/package
91 verbose tar unpack /home/user/.npm/express/3.2.2/package.tgz
92 silly lockFile 0cc1251b-e-user-npm-express-3-2-2-package tar:///home/user/.npm/express/3.2.2/package
93 verbose lock tar:///home/user/.npm/express/3.2.2/package /home/user/.npm/0cc1251b-e-user-npm-express-3-2-2-package.lock
94 silly lockFile b64a459b-er-npm-express-3-2-2-package-tgz tar:///home/user/.npm/express/3.2.2/package.tgz
95 verbose lock tar:///home/user/.npm/express/3.2.2/package.tgz /home/user/.npm/b64a459b-er-npm-express-3-2-2-package-tgz.lock
96 silly gunzTarPerm modes [ '755', '644' ]
97 silly gunzTarPerm extractEntry package.json
98 silly gunzTarPerm extractEntry .npmignore
99 silly gunzTarPerm extractEntry LICENSE
100 silly gunzTarPerm extractEntry index.js
101 silly gunzTarPerm extractEntry History.md
102 silly gunzTarPerm extractEntry Makefile
103 silly gunzTarPerm extractEntry .travis.yml
104 silly gunzTarPerm extractEntry bin/desktop.ini
105 silly gunzTarPerm extractEntry bin/express
106 silly gunzTarPerm extractEntry desktop.ini
107 silly gunzTarPerm extractEntry lib/application.js
108 silly gunzTarPerm extractEntry lib/express.js
109 silly gunzTarPerm extractEntry lib/middleware.js
110 silly gunzTarPerm extractEntry lib/request.js
111 silly gunzTarPerm extractEntry lib/response.js
112 silly gunzTarPerm extractEntry lib/utils.js
113 silly gunzTarPerm extractEntry lib/view.js
114 silly gunzTarPerm extractEntry lib/desktop.ini
115 silly gunzTarPerm extractEntry lib/router/index.js
116 silly gunzTarPerm extractEntry lib/router/route.js
117 silly gunzTarPerm extractEntry lib/router/desktop.ini
118 silly gunzTarPerm extractEntry Readme.md
119 silly lockFile 0cc1251b-e-user-npm-express-3-2-2-package tar:///home/user/.npm/express/3.2.2/package
120 silly lockFile 0cc1251b-e-user-npm-express-3-2-2-package tar:///home/user/.npm/express/3.2.2/package
121 silly lockFile b64a459b-er-npm-express-3-2-2-package-tgz tar:///home/user/.npm/express/3.2.2/package.tgz
122 silly lockFile b64a459b-er-npm-express-3-2-2-package-tgz tar:///home/user/.npm/express/3.2.2/package.tgz
123 verbose chmod /home/user/.npm/express/3.2.2/package.tgz 644
124 verbose chown /home/user/.npm/express/3.2.2/package.tgz [ 1000, 1000 ]
125 silly lockFile f3c62de4-express express
126 silly lockFile f3c62de4-express express
127 silly resolved [ { name: 'express',
127 silly resolved     description: 'Sinatra inspired web development framework',
127 silly resolved     version: '3.2.2',
127 silly resolved     author: { name: 'TJ Holowaychuk', email: 'tj@vision-media.ca' },
127 silly resolved     contributors: [ [Object], [Object], [Object], [Object] ],
127 silly resolved     dependencies:
127 silly resolved      { connect: '2.7.8',
127 silly resolved        commander: '0.6.1',
127 silly resolved        'range-parser': '0.0.4',
127 silly resolved        mkdirp: '0.3.4',
127 silly resolved        cookie: '0.0.5',
127 silly resolved        'buffer-crc32': '0.2.1',
127 silly resolved        fresh: '0.1.0',
127 silly resolved        methods: '0.0.1',
127 silly resolved        send: '0.1.0',
127 silly resolved        'cookie-signature': '1.0.1',
127 silly resolved        debug: '*',
127 silly resolved        qs: '0.6.3' },
127 silly resolved     devDependencies:
127 silly resolved      { ejs: '*',
127 silly resolved        mocha: '*',
127 silly resolved        jade: '*',
127 silly resolved        hjs: '*',
127 silly resolved        stylus: '*',
127 silly resolved        should: '*',
127 silly resolved        'connect-redis': '*',
127 silly resolved        'github-flavored-markdown': '*',
127 silly resolved        supertest: '0.6.0' },
127 silly resolved     keywords:
127 silly resolved      [ 'express',
127 silly resolved        'framework',
127 silly resolved        'sinatra',
127 silly resolved        'web',
127 silly resolved        'rest',
127 silly resolved        'restful',
127 silly resolved        'router',
127 silly resolved        'app',
127 silly resolved        'api' ],
127 silly resolved     repository: { type: 'git', url: 'git://github.com/visionmedia/express' },
127 silly resolved     main: 'index',
127 silly resolved     bin: { express: './bin/express' },
127 silly resolved     scripts: { prepublish: 'npm prune', test: 'make test' },
127 silly resolved     engines: { node: '*' },
127 silly resolved     readme: '![express logo](http://f.cl.ly/items/0V2S1n0K1i3y1c122g04/Screen%20Shot%202012-04-11%20at%209.59.42%20AM.png)\n\n  Fast, unopinionated, minimalist web framework for [node](http://nodejs.org). [![Build Status](https://secure.travis-ci.org/visionmedia/express.png)](http://travis-ci.org/visionmedia/express) [![Dependency Status](https://gemnasium.com/visionmedia/express.png)](https://gemnasium.com/visionmedia/express)\n\n```js\nvar express = require(\'express\');\nvar app = express();\n\napp.get(\'/\', function(req, res){\n  res.send(\'Hello World\');\n});\n\napp.listen(3000);\n```\n\n## Installation\n\n    $ npm install -g express\n\n## Quick Start\n\n The quickest way to get started with express is to utilize the executable `express(1)` to generate an application as shown below:\n\n Create the app:\n\n    $ npm install -g express\n    $ express /tmp/foo && cd /tmp/foo\n\n Install dependencies:\n\n    $ npm install\n\n Start the server:\n\n    $ node app\n\n## Features\n\n  * Built on [Connect](http://github.com/senchalabs/connect)\n  * Robust routing\n  * HTTP helpers (redirection, caching, etc)\n  * View system supporting 14+ template engines\n  * Content negotiation\n  * Focus on high performance\n  * Environment based configuration\n  * Executable for generating applications quickly\n  * High test coverage\n\n## Philosophy\n\n  The Express philosophy is to provide small, robust tooling for HTTP servers. Making\n  it a great solution for single page applications, web sites, hybrids, or public\n  HTTP APIs.\n\n  Built on Connect you can use _only_ what you need, and nothing more, applications\n  can be as big or as small as you like, even a single file. Express does\n  not force you to use any specific ORM or template engine. With support for over\n  14 template engines via [Consolidate.js](http://github.com/visionmedia/consolidate.js)\n  you can quickly craft your perfect framework.\n\n## More Information\n\n  * Join #express on freenode\n  * [Google Group](http://groups.google.com/group/express-js) for discussion\n  * Follow [tjholowaychuk](http://twitter.com/tjholowaychuk) on twitter for updates\n  * Visit the [Wiki](http://github.com/visionmedia/express/wiki)\n  * [日本語ドキュメンテーション](http://hideyukisaito.com/doc/expressjs/) by [hideyukisaito](https://github.com/hideyukisaito)\n  * [Русскоязычная документация](http://jsman.ru/express/)\n  * Run express examples [online](https://runnable.com/express)\n\n## Viewing Examples\n\nClone the Express repo, then install the dev dependencies to install all the example / test suite deps:\n\n    $ git clone git://github.com/visionmedia/express.git --depth 1\n    $ cd express\n    $ npm install\n\nthen run whichever tests you want:\n\n    $ node examples/content-negotiation\n\n## Running Tests\n\nTo run the test suite first invoke the following command within the repo, installing the development dependencies:\n\n    $ npm install\n\nthen run the tests:\n\n    $ make test\n\n## Contributors\n\n```\nproject: express\ncommits: 3559\nactive : 468 days\nfiles  : 237\nauthors:\n 1891\tTj Holowaychuk          53.1%\n 1285\tvisionmedia             36.1%\n  182\tTJ Holowaychuk          5.1%\n   54\tAaron Heckmann          1.5%\n   34\tcsausdev                1.0%\n   26\tciaranj                 0.7%\n   21\tRobert Sköld            0.6%\n    6\tGuillermo Rauch         0.2%\n    3\tDav Glass               0.1%\n    3\tNick Poulden            0.1%\n    2\tRandy Merrill           0.1%\n    2\tBenny Wong              0.1%\n    2\tHunter Loftis           0.1%\n    2\tJake Gordon             0.1%\n    2\tBrian McKinney          0.1%\n    2\tRoman Shtylman          0.1%\n    2\tBen Weaver              0.1%\n    2\tDave Hoover             0.1%\n    2\tEivind Fjeldstad        0.1%\n    2\tDaniel Shaw             0.1%\n    1\tMatt Colyer             0.0%\n    1\tPau Ramon               0.0%\n    1\tPero Pejovic            0.0%\n    1\tPeter Rekdal Sunde      0.0%\n    1\tRaynos                  0.0%\n    1\tTeng Siong Ong          0.0%\n    1\tViktor Kelemen          0.0%\n    1\tctide                   0.0%\n    1\t8bitDesigner            0.0%\n    1\tisaacs                  0.0%\n    1\tmgutz                   0.0%\n    1\tpikeas                  0.0%\n    1\tshuwatto                0.0%\n    1\ttstrimple               0.0%\n    1\tewoudj                  0.0%\n    1\tAdam Sanderson          0.0%\n    1\tAndrii Kostenko         0.0%\n    1\tAndy Hiew               0.0%\n    1\tArpad Borsos            0.0%\n    1\tAshwin Purohit          0.0%\n    1\tBenjen                  0.0%\n    1\tDarren Torpey           0.0%\n    1\tGreg Ritter             0.0%\n    1\tGregory Ritter          0.0%\n    1\tJames Herdman           0.0%\n    1\tJim Snodgrass           0.0%\n    1\tJoe McCann              0.0%\n    1\tJonathan Dumaine        0.0%\n    1\tJonathan Palardy        0.0%\n    1\tJonathan Zacsh          0.0%\n    1\tJustin Lilly            0.0%\n    1\tKen Sato                0.0%\n    1\tMaciej Małecki          0.0%\n    1\tMasahiro Hayashi        0.0%\n```\n\n## License\n\n(The MIT License)\n\nCopyright (c) 2009-2012 TJ Holowaychuk &lt;tj@vision-media.ca&gt;\n\nPermission is hereby granted, free of charge, to any person obtaining\na copy of this software and associated documentation files (the\n\'Software\'), to deal in the Software without restriction, including\nwithout limitation the rights to use, copy, modify, merge, publish,\ndistribute, sublicense, and/or sell copies of the Software, and to\npermit persons to whom the Software is furnished to do so, subject to\nthe following conditions:\n\nThe above copyright notice and this permission notice shall be\nincluded in all copies or substantial portions of the Software.\n\nTHE SOFTWARE IS PROVIDED \'AS IS\', WITHOUT WARRANTY OF ANY KIND,\nEXPRESS OR IMPLIED, INCLUDING BUT NOT LIMITED TO THE WARRANTIES OF\nMERCHANTABILITY, FITNESS FOR A PARTICULAR PURPOSE AND NONINFRINGEMENT.\nIN NO EVENT SHALL THE AUTHORS OR COPYRIGHT HOLDERS BE LIABLE FOR ANY\nCLAIM, DAMAGES OR OTHER LIABILITY, WHETHER IN AN ACTION OF CONTRACT,\nTORT OR OTHERWISE, ARISING FROM, OUT OF OR IN CONNECTION WITH THE\nSOFTWARE OR THE USE OR OTHER DEALINGS IN THE SOFTWARE.\n',
127 silly resolved     readmeFilename: 'Readme.md',
127 silly resolved     _id: 'express@3.2.2',
127 silly resolved     dist: { shasum: '682bbe1eabfec64f4af0c0d5f0bead3822a64ed0' },
127 silly resolved     _from: 'express',
127 silly resolved     bugs: { url: 'https://github.com/visionmedia/express/issues' } } ]
128 info install express@3.2.2 into /mnt/hgfs/D/My Stuff/Studies/Seccond degree/WebMobile/GitHub/FollowME
129 info installOne express@3.2.2
130 info /mnt/hgfs/D/My Stuff/Studies/Seccond degree/WebMobile/GitHub/FollowME/node_modules/express unbuild
131 info preuninstall express@3.2.2
132 info uninstall express@3.2.2
133 verbose true,/mnt/hgfs/D/My Stuff/Studies/Seccond degree/WebMobile/GitHub/FollowME/node_modules,/mnt/hgfs/D/My Stuff/Studies/Seccond degree/WebMobile/GitHub/FollowME/node_modules unbuild express@3.2.2
134 verbose /mnt/hgfs/D/My Stuff/Studies/Seccond degree/WebMobile/GitHub/FollowME/node_modules/.bin,[object Object] binRoot
135 info /mnt/hgfs/D/My Stuff/Studies/Seccond degree/WebMobile/GitHub/FollowME/node_modules/express unbuild
136 info preuninstall express@3.2.2
137 info uninstall express@3.2.2
138 verbose true,/mnt/hgfs/D/My Stuff/Studies/Seccond degree/WebMobile/GitHub/FollowME/node_modules,/mnt/hgfs/D/My Stuff/Studies/Seccond degree/WebMobile/GitHub/FollowME/node_modules unbuild express@3.2.2
139 verbose /mnt/hgfs/D/My Stuff/Studies/Seccond degree/WebMobile/GitHub/FollowME/node_modules/.bin,[object Object] binRoot
140 info postuninstall express@3.2.2
141 error Refusing to delete: /mnt/hgfs/D/My Stuff/Studies/Seccond degree/WebMobile/GitHub/FollowME/node_modules/.bin/express not in /mnt/hgfs/D/My Stuff/Studies/Seccond degree/WebMobile/GitHub/FollowME/node_modules/express
File exists: /mnt/hgfs/D/My Stuff/Studies/Seccond degree/WebMobile/GitHub/FollowME/node_modules/.bin/express
Move it away, and try again.
142 error System Linux 3.5.0-37-generic
143 error command "/home/user/Programs/node-v0.10.15-linux-x64/bin/node" "/home/user/Programs/node-v0.10.15-linux-x64/bin/npm" "install" "express"
144 error cwd /mnt/hgfs/D/My Stuff/Studies/Seccond degree/WebMobile/GitHub/FollowME/Common
145 error node -v v0.10.15
146 error npm -v 1.3.5
147 error path /mnt/hgfs/D/My Stuff/Studies/Seccond degree/WebMobile/GitHub/FollowME/node_modules/.bin/express
148 error code EEXIST
149 verbose exit [ 1, true ]
